<?xml version="1.0" encoding="UTF-8"?>
<coverage generated="1669224681666" clover="3.2.0">
  <project timestamp="1669224681666" name="All files">
    <metrics statements="24" coveredstatements="18" conditionals="12" coveredconditionals="5" methods="11" coveredmethods="9" elements="47" coveredelements="32" complexity="0" loc="24" ncloc="24" packages="1" files="1" classes="1"/>
    <file name="index.ts" path="/Users/alexcastrodev/study/schedule-overlapping/src/index.ts">
      <metrics statements="24" coveredstatements="18" conditionals="12" coveredconditionals="5" methods="11" coveredmethods="9"/>
      <line num="5" count="1" type="stmt"/>
      <line num="6" count="1" type="stmt"/>
      <line num="9" count="1" type="stmt"/>
      <line num="10" count="1" type="stmt"/>
      <line num="11" count="2" type="cond" truecount="1" falsecount="1"/>
      <line num="12" count="2" type="cond" truecount="1" falsecount="1"/>
      <line num="14" count="2" type="stmt"/>
      <line num="21" count="1" type="stmt"/>
      <line num="25" count="0" type="stmt"/>
      <line num="29" count="1" type="stmt"/>
      <line num="32" count="1" type="stmt"/>
      <line num="33" count="0" type="cond" truecount="0" falsecount="2"/>
      <line num="34" count="0" type="stmt"/>
      <line num="35" count="0" type="stmt"/>
      <line num="39" count="1" type="stmt"/>
      <line num="43" count="1" type="stmt"/>
      <line num="44" count="2" type="cond" truecount="3" falsecount="1"/>
      <line num="45" count="0" type="cond" truecount="0" falsecount="2"/>
      <line num="51" count="1" type="stmt"/>
      <line num="55" count="0" type="stmt"/>
      <line num="59" count="1" type="stmt"/>
      <line num="60" count="2" type="stmt"/>
      <line num="61" count="2" type="stmt"/>
      <line num="63" count="2" type="stmt"/>
    </file>
  </project>
</coverage>
