<?xml version="1.0" encoding="UTF-8"?>
<coverage generated="1669299593079" clover="3.2.0">
  <project timestamp="1669299593079" name="All files">
    <metrics statements="41" coveredstatements="36" conditionals="12" coveredconditionals="8" methods="12" coveredmethods="10" elements="65" coveredelements="54" complexity="0" loc="41" ncloc="41" packages="1" files="1" classes="1"/>
    <file name="index.ts" path="/Users/alexcastrodev/study/schedule-overlapping/src/index.ts">
      <metrics statements="41" coveredstatements="36" conditionals="12" coveredconditionals="8" methods="12" coveredmethods="10"/>
      <line num="5" count="1" type="stmt"/>
      <line num="6" count="1" type="stmt"/>
      <line num="9" count="1" type="stmt"/>
      <line num="10" count="1" type="stmt"/>
      <line num="11" count="7" type="cond" truecount="1" falsecount="1"/>
      <line num="12" count="7" type="cond" truecount="1" falsecount="1"/>
      <line num="14" count="7" type="stmt"/>
      <line num="21" count="1" type="stmt"/>
      <line num="25" count="0" type="stmt"/>
      <line num="29" count="1" type="stmt"/>
      <line num="31" count="1" type="stmt"/>
      <line num="32" count="1" type="stmt"/>
      <line num="34" count="1" type="stmt"/>
      <line num="35" count="6" type="cond" truecount="2" falsecount="0"/>
      <line num="36" count="3" type="cond" truecount="1" falsecount="1"/>
      <line num="37" count="3" type="stmt"/>
      <line num="39" count="1" type="stmt"/>
      <line num="40" count="4" type="stmt"/>
      <line num="41" count="4" type="stmt"/>
      <line num="42" count="4" type="stmt"/>
      <line num="43" count="4" type="stmt"/>
      <line num="44" count="4" type="stmt"/>
      <line num="45" count="4" type="stmt"/>
      <line num="46" count="10" type="cond" truecount="1" falsecount="1"/>
      <line num="47" count="0" type="stmt"/>
      <line num="48" count="0" type="stmt"/>
      <line num="49" count="0" type="stmt"/>
      <line num="50" count="10" type="cond" truecount="2" falsecount="0"/>
      <line num="51" count="3" type="stmt"/>
      <line num="52" count="3" type="stmt"/>
      <line num="54" count="7" type="stmt"/>
      <line num="57" count="4" type="stmt"/>
      <line num="58" count="4" type="stmt"/>
      <line num="61" count="7" type="stmt"/>
      <line num="63" count="1" type="stmt"/>
      <line num="67" count="6" type="stmt"/>
      <line num="71" count="0" type="stmt"/>
      <line num="75" count="1" type="stmt"/>
      <line num="76" count="7" type="stmt"/>
      <line num="77" count="7" type="stmt"/>
      <line num="79" count="7" type="stmt"/>
    </file>
  </project>
</coverage>
