{"/Users/alexcastrodev/study/schedule-overlapping/src/index.ts": {"path":"/Users/alexcastrodev/study/schedule-overlapping/src/index.ts","statementMap":{"0":{"start":{"line":5,"column":24},"end":{"line":5,"column":41}},"1":{"start":{"line":6,"column":21},"end":{"line":6,"column":38}},"2":{"start":{"line":9,"column":8},"end":{"line":9,"column":30}},"3":{"start":{"line":10,"column":8},"end":{"line":20,"column":10}},"4":{"start":{"line":11,"column":26},"end":{"line":11,"column":92}},"5":{"start":{"line":12,"column":24},"end":{"line":12,"column":84}},"6":{"start":{"line":14,"column":12},"end":{"line":19,"column":13}},"7":{"start":{"line":21,"column":8},"end":{"line":21,"column":26}},"8":{"start":{"line":25,"column":8},"end":{"line":25,"column":107}},"9":{"start":{"line":29,"column":21},"end":{"line":29,"column":45}},"10":{"start":{"line":31,"column":20},"end":{"line":31,"column":22}},"11":{"start":{"line":32,"column":12},"end":{"line":32,"column":13}},"12":{"start":{"line":34,"column":8},"end":{"line":38,"column":11}},"13":{"start":{"line":35,"column":8},"end":{"line":35,"column":39}},"14":{"start":{"line":35,"column":30},"end":{"line":35,"column":39}},"15":{"start":{"line":36,"column":8},"end":{"line":36,"column":40}},"16":{"start":{"line":36,"column":30},"end":{"line":36,"column":40}},"17":{"start":{"line":37,"column":8},"end":{"line":37,"column":17}},"18":{"start":{"line":39,"column":8},"end":{"line":59,"column":9}},"19":{"start":{"line":40,"column":8},"end":{"line":40,"column":22}},"20":{"start":{"line":41,"column":8},"end":{"line":41,"column":23}},"21":{"start":{"line":42,"column":8},"end":{"line":42,"column":33}},"22":{"start":{"line":43,"column":8},"end":{"line":43,"column":40}},"23":{"start":{"line":44,"column":8},"end":{"line":44,"column":36}},"24":{"start":{"line":45,"column":8},"end":{"line":56,"column":9}},"25":{"start":{"line":45,"column":21},"end":{"line":45,"column":22}},"26":{"start":{"line":46,"column":12},"end":{"line":55,"column":13}},"27":{"start":{"line":47,"column":12},"end":{"line":47,"column":37}},"28":{"start":{"line":48,"column":12},"end":{"line":48,"column":44}},"29":{"start":{"line":49,"column":12},"end":{"line":49,"column":29}},"30":{"start":{"line":50,"column":19},"end":{"line":55,"column":13}},"31":{"start":{"line":51,"column":12},"end":{"line":51,"column":37}},"32":{"start":{"line":52,"column":12},"end":{"line":52,"column":40}},"33":{"start":{"line":54,"column":12},"end":{"line":54,"column":38}},"34":{"start":{"line":57,"column":12},"end":{"line":57,"column":31}},"35":{"start":{"line":58,"column":12},"end":{"line":58,"column":16}},"36":{"start":{"line":61,"column":8},"end":{"line":61,"column":110}},"37":{"start":{"line":61,"column":42},"end":{"line":61,"column":109}},"38":{"start":{"line":61,"column":72},"end":{"line":61,"column":107}},"39":{"start":{"line":63,"column":8},"end":{"line":63,"column":35}},"40":{"start":{"line":67,"column":8},"end":{"line":67,"column":129}},"41":{"start":{"line":67,"column":52},"end":{"line":67,"column":128}},"42":{"start":{"line":71,"column":8},"end":{"line":71,"column":29}},"43":{"start":{"line":75,"column":8},"end":{"line":84,"column":10}},"44":{"start":{"line":76,"column":26},"end":{"line":76,"column":60}},"45":{"start":{"line":77,"column":24},"end":{"line":77,"column":56}},"46":{"start":{"line":79,"column":12},"end":{"line":83,"column":13}}},"fnMap":{"0":{"name":"(anonymous_0)","decl":{"start":{"line":8,"column":4},"end":{"line":8,"column":5}},"loc":{"start":{"line":8,"column":36},"end":{"line":22,"column":5}},"line":8},"1":{"name":"(anonymous_1)","decl":{"start":{"line":10,"column":49},"end":{"line":10,"column":50}},"loc":{"start":{"line":10,"column":57},"end":{"line":20,"column":9}},"line":10},"2":{"name":"(anonymous_2)","decl":{"start":{"line":24,"column":4},"end":{"line":24,"column":5}},"loc":{"start":{"line":24,"column":66},"end":{"line":26,"column":5}},"line":24},"3":{"name":"(anonymous_3)","decl":{"start":{"line":28,"column":4},"end":{"line":28,"column":5}},"loc":{"start":{"line":28,"column":26},"end":{"line":64,"column":5}},"line":28},"4":{"name":"(anonymous_4)","decl":{"start":{"line":34,"column":20},"end":{"line":34,"column":21}},"loc":{"start":{"line":34,"column":33},"end":{"line":38,"column":9}},"line":34},"5":{"name":"(anonymous_5)","decl":{"start":{"line":61,"column":26},"end":{"line":61,"column":27}},"loc":{"start":{"line":61,"column":42},"end":{"line":61,"column":109}},"line":61},"6":{"name":"(anonymous_6)","decl":{"start":{"line":61,"column":51},"end":{"line":61,"column":52}},"loc":{"start":{"line":61,"column":72},"end":{"line":61,"column":107}},"line":61},"7":{"name":"(anonymous_7)","decl":{"start":{"line":66,"column":4},"end":{"line":66,"column":5}},"loc":{"start":{"line":66,"column":31},"end":{"line":68,"column":5}},"line":66},"8":{"name":"(anonymous_8)","decl":{"start":{"line":67,"column":23},"end":{"line":67,"column":24}},"loc":{"start":{"line":67,"column":52},"end":{"line":67,"column":128}},"line":67},"9":{"name":"(anonymous_9)","decl":{"start":{"line":70,"column":4},"end":{"line":70,"column":5}},"loc":{"start":{"line":70,"column":22},"end":{"line":72,"column":5}},"line":70},"10":{"name":"(anonymous_10)","decl":{"start":{"line":74,"column":4},"end":{"line":74,"column":5}},"loc":{"start":{"line":74,"column":31},"end":{"line":85,"column":5}},"line":74},"11":{"name":"(anonymous_11)","decl":{"start":{"line":75,"column":32},"end":{"line":75,"column":33}},"loc":{"start":{"line":75,"column":40},"end":{"line":84,"column":9}},"line":75}},"branchMap":{"0":{"loc":{"start":{"line":11,"column":26},"end":{"line":11,"column":92}},"type":"cond-expr","locations":[{"start":{"line":11,"column":59},"end":{"line":11,"column":79}},{"start":{"line":11,"column":82},"end":{"line":11,"column":92}}],"line":11},"1":{"loc":{"start":{"line":12,"column":24},"end":{"line":12,"column":84}},"type":"cond-expr","locations":[{"start":{"line":12,"column":55},"end":{"line":12,"column":73}},{"start":{"line":12,"column":76},"end":{"line":12,"column":84}}],"line":12},"2":{"loc":{"start":{"line":35,"column":8},"end":{"line":35,"column":39}},"type":"if","locations":[{"start":{"line":35,"column":8},"end":{"line":35,"column":39}},{"start":{},"end":{}}],"line":35},"3":{"loc":{"start":{"line":36,"column":8},"end":{"line":36,"column":40}},"type":"if","locations":[{"start":{"line":36,"column":8},"end":{"line":36,"column":40}},{"start":{},"end":{}}],"line":36},"4":{"loc":{"start":{"line":46,"column":12},"end":{"line":55,"column":13}},"type":"if","locations":[{"start":{"line":46,"column":12},"end":{"line":55,"column":13}},{"start":{"line":50,"column":19},"end":{"line":55,"column":13}}],"line":46},"5":{"loc":{"start":{"line":50,"column":19},"end":{"line":55,"column":13}},"type":"if","locations":[{"start":{"line":50,"column":19},"end":{"line":55,"column":13}},{"start":{"line":53,"column":17},"end":{"line":55,"column":13}}],"line":50}},"s":{"0":1,"1":1,"2":1,"3":1,"4":7,"5":7,"6":7,"7":1,"8":0,"9":1,"10":1,"11":1,"12":1,"13":6,"14":3,"15":3,"16":0,"17":3,"18":1,"19":4,"20":4,"21":4,"22":4,"23":4,"24":4,"25":4,"26":10,"27":0,"28":0,"29":0,"30":10,"31":3,"32":3,"33":7,"34":4,"35":4,"36":1,"37":4,"38":7,"39":1,"40":1,"41":6,"42":0,"43":1,"44":7,"45":7,"46":7},"f":{"0":1,"1":7,"2":0,"3":1,"4":6,"5":4,"6":7,"7":1,"8":6,"9":0,"10":1,"11":7},"b":{"0":[7,0],"1":[7,0],"2":[3,3],"3":[0,3],"4":[0,10],"5":[3,7]},"_coverageSchema":"1a1c01bbd47fc00a2c39e90264f33305004495a9","hash":"7ad9023f61c1da8ed34b77d60a8850210fca7b31"}
}
