{"/Users/alexcastrodev/study/schedule-overlapping/src/index.ts": {"path":"/Users/alexcastrodev/study/schedule-overlapping/src/index.ts","statementMap":{"0":{"start":{"line":5,"column":24},"end":{"line":5,"column":41}},"1":{"start":{"line":6,"column":21},"end":{"line":6,"column":38}},"2":{"start":{"line":9,"column":8},"end":{"line":9,"column":30}},"3":{"start":{"line":10,"column":8},"end":{"line":20,"column":10}},"4":{"start":{"line":11,"column":26},"end":{"line":11,"column":92}},"5":{"start":{"line":12,"column":24},"end":{"line":12,"column":84}},"6":{"start":{"line":14,"column":12},"end":{"line":19,"column":13}},"7":{"start":{"line":21,"column":8},"end":{"line":21,"column":38}},"8":{"start":{"line":25,"column":8},"end":{"line":25,"column":107}},"9":{"start":{"line":29,"column":28},"end":{"line":29,"column":33}},"10":{"start":{"line":32,"column":8},"end":{"line":37,"column":9}},"11":{"start":{"line":32,"column":21},"end":{"line":32,"column":22}},"12":{"start":{"line":33,"column":12},"end":{"line":36,"column":13}},"13":{"start":{"line":34,"column":16},"end":{"line":34,"column":36}},"14":{"start":{"line":35,"column":16},"end":{"line":35,"column":22}},"15":{"start":{"line":39,"column":8},"end":{"line":39,"column":28}},"16":{"start":{"line":43,"column":8},"end":{"line":47,"column":10}},"17":{"start":{"line":44,"column":12},"end":{"line":46,"column":13}},"18":{"start":{"line":45,"column":16},"end":{"line":45,"column":92}},"19":{"start":{"line":51,"column":8},"end":{"line":51,"column":129}},"20":{"start":{"line":51,"column":52},"end":{"line":51,"column":128}},"21":{"start":{"line":55,"column":8},"end":{"line":55,"column":29}},"22":{"start":{"line":59,"column":8},"end":{"line":68,"column":10}},"23":{"start":{"line":60,"column":26},"end":{"line":60,"column":60}},"24":{"start":{"line":61,"column":24},"end":{"line":61,"column":56}},"25":{"start":{"line":63,"column":12},"end":{"line":67,"column":13}}},"fnMap":{"0":{"name":"(anonymous_0)","decl":{"start":{"line":8,"column":4},"end":{"line":8,"column":5}},"loc":{"start":{"line":8,"column":36},"end":{"line":22,"column":5}},"line":8},"1":{"name":"(anonymous_1)","decl":{"start":{"line":10,"column":49},"end":{"line":10,"column":50}},"loc":{"start":{"line":10,"column":57},"end":{"line":20,"column":9}},"line":10},"2":{"name":"(anonymous_2)","decl":{"start":{"line":24,"column":4},"end":{"line":24,"column":5}},"loc":{"start":{"line":24,"column":66},"end":{"line":26,"column":5}},"line":24},"3":{"name":"(anonymous_3)","decl":{"start":{"line":28,"column":4},"end":{"line":28,"column":5}},"loc":{"start":{"line":28,"column":66},"end":{"line":40,"column":5}},"line":28},"4":{"name":"(anonymous_4)","decl":{"start":{"line":42,"column":4},"end":{"line":42,"column":5}},"loc":{"start":{"line":42,"column":30},"end":{"line":48,"column":5}},"line":42},"5":{"name":"(anonymous_5)","decl":{"start":{"line":43,"column":29},"end":{"line":43,"column":30}},"loc":{"start":{"line":43,"column":64},"end":{"line":47,"column":9}},"line":43},"6":{"name":"(anonymous_6)","decl":{"start":{"line":50,"column":4},"end":{"line":50,"column":5}},"loc":{"start":{"line":50,"column":31},"end":{"line":52,"column":5}},"line":50},"7":{"name":"(anonymous_7)","decl":{"start":{"line":51,"column":23},"end":{"line":51,"column":24}},"loc":{"start":{"line":51,"column":52},"end":{"line":51,"column":128}},"line":51},"8":{"name":"(anonymous_8)","decl":{"start":{"line":54,"column":4},"end":{"line":54,"column":5}},"loc":{"start":{"line":54,"column":22},"end":{"line":56,"column":5}},"line":54},"9":{"name":"(anonymous_9)","decl":{"start":{"line":58,"column":4},"end":{"line":58,"column":5}},"loc":{"start":{"line":58,"column":31},"end":{"line":69,"column":5}},"line":58},"10":{"name":"(anonymous_10)","decl":{"start":{"line":59,"column":32},"end":{"line":59,"column":33}},"loc":{"start":{"line":59,"column":40},"end":{"line":68,"column":9}},"line":59}},"branchMap":{"0":{"loc":{"start":{"line":11,"column":26},"end":{"line":11,"column":92}},"type":"cond-expr","locations":[{"start":{"line":11,"column":59},"end":{"line":11,"column":79}},{"start":{"line":11,"column":82},"end":{"line":11,"column":92}}],"line":11},"1":{"loc":{"start":{"line":12,"column":24},"end":{"line":12,"column":84}},"type":"cond-expr","locations":[{"start":{"line":12,"column":55},"end":{"line":12,"column":73}},{"start":{"line":12,"column":76},"end":{"line":12,"column":84}}],"line":12},"2":{"loc":{"start":{"line":33,"column":12},"end":{"line":36,"column":13}},"type":"if","locations":[{"start":{"line":33,"column":12},"end":{"line":36,"column":13}},{"start":{},"end":{}}],"line":33},"3":{"loc":{"start":{"line":44,"column":12},"end":{"line":46,"column":13}},"type":"if","locations":[{"start":{"line":44,"column":12},"end":{"line":46,"column":13}},{"start":{},"end":{}}],"line":44},"4":{"loc":{"start":{"line":44,"column":15},"end":{"line":44,"column":87}},"type":"binary-expr","locations":[{"start":{"line":44,"column":15},"end":{"line":44,"column":31}},{"start":{"line":44,"column":35},"end":{"line":44,"column":87}}],"line":44},"5":{"loc":{"start":{"line":45,"column":51},"end":{"line":45,"column":87}},"type":"binary-expr","locations":[{"start":{"line":45,"column":51},"end":{"line":45,"column":82}},{"start":{"line":45,"column":86},"end":{"line":45,"column":87}}],"line":45}},"s":{"0":1,"1":1,"2":1,"3":1,"4":2,"5":2,"6":2,"7":1,"8":0,"9":1,"10":1,"11":1,"12":0,"13":0,"14":0,"15":1,"16":1,"17":2,"18":0,"19":1,"20":1,"21":0,"22":1,"23":2,"24":2,"25":2},"f":{"0":1,"1":2,"2":0,"3":1,"4":1,"5":2,"6":1,"7":1,"8":0,"9":1,"10":2},"b":{"0":[2,0],"1":[2,0],"2":[0,0],"3":[0,2],"4":[2,1],"5":[0,0]},"_coverageSchema":"1a1c01bbd47fc00a2c39e90264f33305004495a9","hash":"92a211620231abf28840ecf1395b591b05726daf"}
}
