TN:
SF:src/index.ts
FN:8,(anonymous_0)
FN:10,(anonymous_1)
FN:24,(anonymous_2)
FN:28,(anonymous_3)
FN:34,(anonymous_4)
FN:61,(anonymous_5)
FN:61,(anonymous_6)
FN:66,(anonymous_7)
FN:67,(anonymous_8)
FN:70,(anonymous_9)
FN:74,(anonymous_10)
FN:75,(anonymous_11)
FNF:12
FNH:10
FNDA:1,(anonymous_0)
FNDA:7,(anonymous_1)
FNDA:0,(anonymous_2)
FNDA:1,(anonymous_3)
FNDA:6,(anonymous_4)
FNDA:4,(anonymous_5)
FNDA:7,(anonymous_6)
FNDA:1,(anonymous_7)
FNDA:6,(anonymous_8)
FNDA:0,(anonymous_9)
FNDA:1,(anonymous_10)
FNDA:7,(anonymous_11)
DA:5,1
DA:6,1
DA:9,1
DA:10,1
DA:11,7
DA:12,7
DA:14,7
DA:21,1
DA:25,0
DA:29,1
DA:31,1
DA:32,1
DA:34,1
DA:35,6
DA:36,3
DA:37,3
DA:39,1
DA:40,4
DA:41,4
DA:42,4
DA:43,4
DA:44,4
DA:45,4
DA:46,10
DA:47,0
DA:48,0
DA:49,0
DA:50,10
DA:51,3
DA:52,3
DA:54,7
DA:57,4
DA:58,4
DA:61,7
DA:63,1
DA:67,6
DA:71,0
DA:75,1
DA:76,7
DA:77,7
DA:79,7
LF:41
LH:36
BRDA:11,0,0,7
BRDA:11,0,1,0
BRDA:12,1,0,7
BRDA:12,1,1,0
BRDA:35,2,0,3
BRDA:35,2,1,3
BRDA:36,3,0,0
BRDA:36,3,1,3
BRDA:46,4,0,0
BRDA:46,4,1,10
BRDA:50,5,0,3
BRDA:50,5,1,7
BRF:12
BRH:8
end_of_record
