TN:
SF:src/index.ts
FN:8,(anonymous_0)
FN:10,(anonymous_1)
FN:24,(anonymous_2)
FN:28,(anonymous_3)
FN:42,(anonymous_4)
FN:43,(anonymous_5)
FN:50,(anonymous_6)
FN:51,(anonymous_7)
FN:54,(anonymous_8)
FN:58,(anonymous_9)
FN:59,(anonymous_10)
FNF:11
FNH:9
FNDA:1,(anonymous_0)
FNDA:2,(anonymous_1)
FNDA:0,(anonymous_2)
FNDA:1,(anonymous_3)
FNDA:1,(anonymous_4)
FNDA:2,(anonymous_5)
FNDA:1,(anonymous_6)
FNDA:1,(anonymous_7)
FNDA:0,(anonymous_8)
FNDA:1,(anonymous_9)
FNDA:2,(anonymous_10)
DA:5,1
DA:6,1
DA:9,1
DA:10,1
DA:11,2
DA:12,2
DA:14,2
DA:21,1
DA:25,0
DA:29,1
DA:32,1
DA:33,0
DA:34,0
DA:35,0
DA:39,1
DA:43,1
DA:44,2
DA:45,0
DA:51,1
DA:55,0
DA:59,1
DA:60,2
DA:61,2
DA:63,2
LF:24
LH:18
BRDA:11,0,0,2
BRDA:11,0,1,0
BRDA:12,1,0,2
BRDA:12,1,1,0
BRDA:33,2,0,0
BRDA:33,2,1,0
BRDA:44,3,0,0
BRDA:44,3,1,2
BRDA:44,4,0,2
BRDA:44,4,1,1
BRDA:45,5,0,0
BRDA:45,5,1,0
BRF:12
BRH:5
end_of_record
